# JRE version: OpenJDK Runtime Environment (17.0.7) (build 17.0.7+0-b2043.56-10550314)
# Java VM: OpenJDK 64-Bit Server VM (17.0.7+0-b2043.56-10550314, mixed mode, tiered, compressed oops, compressed class ptrs, g1 gc, windows-amd64)
GC Precious Log:
 CPUs: 8 total, 8 available
 Memory: 16298M
 Large Page Support: Disabled
 NUMA Support: Disabled
 Compressed Oops: Enabled (32-bit)
 Heap Region Size: 1M
 Heap Min Capacity: 8M
 Heap Initial Capacity: 256M
 Heap Max Capacity: 2G
 Pre-touch: Disabled
 Parallel Workers: 8
 Concurrent Workers: 2
 Concurrent Refinement Workers: 8
 Periodic GC: Disabled
Heap:
 garbage-first heap   total 324608K, used 190276K [0x0000000080000000, 0x0000000100000000)
  region size 1024K, 8 young (8192K), 8 survivors (8192K)
 Metaspace       used 153462K, committed 154496K, reserved 1245184K
  class space    used 20503K, committed 20992K, reserved 1048576K
GC Heap History (20 events):
Event: 340.738 GC heap after
{Heap after GC invocations=53 (full 0):
 garbage-first heap   total 270336K, used 144263K [0x0000000080000000, 0x0000000100000000)
  region size 1024K, 1 young (1024K), 1 survivors (1024K)
 Metaspace       used 116910K, committed 117952K, reserved 1179648K
  class space    used 15798K, committed 16320K, reserved 1048576K
}
Event: 341.527 GC heap before
{Heap before GC invocations=53 (full 0):
 garbage-first heap   total 270336K, used 189319K [0x0000000080000000, 0x0000000100000000)
  region size 1024K, 47 young (48128K), 1 survivors (1024K)
 Metaspace       used 123930K, committed 124928K, reserved 1179648K
  class space    used 17128K, committed 17664K, reserved 1048576K
}
Event: 341.531 GC heap after
{Heap after GC invocations=54 (full 0):
 garbage-first heap   total 270336K, used 145395K [0x0000000080000000, 0x0000000100000000)
  region size 1024K, 3 young (3072K), 3 survivors (3072K)
 Metaspace       used 123930K, committed 124928K, reserved 1179648K
  class space    used 17128K, committed 17664K, reserved 1048576K
}
Event: 342.372 GC heap before
{Heap before GC invocations=55 (full 0):
 garbage-first heap   total 270336K, used 225267K [0x0000000080000000, 0x0000000100000000)
  region size 1024K, 70 young (71680K), 3 survivors (3072K)
 Metaspace       used 129400K, committed 130496K, reserved 1179648K
  class space    used 17828K, committed 18368K, reserved 1048576K
}
Event: 342.382 GC heap after
{Heap after GC invocations=56 (full 0):
 garbage-first heap   total 270336K, used 165654K [0x0000000080000000, 0x0000000100000000)
  region size 1024K, 9 young (9216K), 9 survivors (9216K)
 Metaspace       used 129400K, committed 130496K, reserved 1179648K
  class space    used 17828K, committed 18368K, reserved 1048576K
}
Event: 342.407 GC heap before
{Heap before GC invocations=56 (full 0):
 garbage-first heap   total 270336K, used 169750K [0x0000000080000000, 0x0000000100000000)
  region size 1024K, 13 young (13312K), 9 survivors (9216K)
 Metaspace       used 129406K, committed 130560K, reserved 1179648K
  class space    used 17828K, committed 18368K, reserved 1048576K
}
Event: 342.417 GC heap after
{Heap after GC invocations=57 (full 0):
 garbage-first heap   total 270336K, used 158326K [0x0000000080000000, 0x0000000100000000)
  region size 1024K, 2 young (2048K), 2 survivors (2048K)
 Metaspace       used 129406K, committed 130560K, reserved 1179648K
  class space    used 17828K, committed 18368K, reserved 1048576K
}
Event: 343.018 GC heap before
{Heap before GC invocations=57 (full 0):
 garbage-first heap   total 270336K, used 216694K [0x0000000080000000, 0x0000000100000000)
  region size 1024K, 59 young (60416K), 2 survivors (2048K)
 Metaspace       used 132139K, committed 133184K, reserved 1179648K
  class space    used 18151K, committed 18688K, reserved 1048576K
}
Event: 343.027 GC heap after
{Heap after GC invocations=58 (full 0):
 garbage-first heap   total 270336K, used 168771K [0x0000000080000000, 0x0000000100000000)
  region size 1024K, 8 young (8192K), 8 survivors (8192K)
 Metaspace       used 132139K, committed 133184K, reserved 1179648K
  class space    used 18151K, committed 18688K, reserved 1048576K
}
Event: 343.716 GC heap before
{Heap before GC invocations=59 (full 0):
 garbage-first heap   total 293888K, used 224067K [0x0000000080000000, 0x0000000100000000)
  region size 1024K, 55 young (56320K), 8 survivors (8192K)
 Metaspace       used 136700K, committed 137792K, reserved 1179648K
  class space    used 18653K, committed 19200K, reserved 1048576K
}
Event: 343.726 GC heap after
{Heap after GC invocations=60 (full 0):
 garbage-first heap   total 293888K, used 181174K [0x0000000080000000, 0x0000000100000000)
  region size 1024K, 5 young (5120K), 5 survivors (5120K)
 Metaspace       used 136700K, committed 137792K, reserved 1179648K
  class space    used 18653K, committed 19200K, reserved 1048576K
}
Event: 343.854 GC heap before
{Heap before GC invocations=60 (full 0):
 garbage-first heap   total 293888K, used 189366K [0x0000000080000000, 0x0000000100000000)
  region size 1024K, 14 young (14336K), 5 survivors (5120K)
 Metaspace       used 137867K, committed 138944K, reserved 1179648K
  class space    used 18745K, committed 19264K, reserved 1048576K
}
Event: 343.860 GC heap after
{Heap after GC invocations=61 (full 0):
 garbage-first heap   total 293888K, used 180079K [0x0000000080000000, 0x0000000100000000)
  region size 1024K, 1 young (1024K), 1 survivors (1024K)
 Metaspace       used 137867K, committed 138944K, reserved 1179648K
  class space    used 18745K, committed 19264K, reserved 1048576K
}
Event: 344.765 GC heap before
{Heap before GC invocations=61 (full 0):
 garbage-first heap   total 293888K, used 239471K [0x0000000080000000, 0x0000000100000000)
  region size 1024K, 59 young (60416K), 1 survivors (1024K)
 Metaspace       used 144811K, committed 145856K, reserved 1179648K
  class space    used 19513K, committed 20032K, reserved 1048576K
}
Event: 344.770 GC heap after
{Heap after GC invocations=62 (full 0):
 garbage-first heap   total 293888K, used 182697K [0x0000000080000000, 0x0000000100000000)
  region size 1024K, 4 young (4096K), 4 survivors (4096K)
 Metaspace       used 144811K, committed 145856K, reserved 1179648K
  class space    used 19513K, committed 20032K, reserved 1048576K
}
Event: 345.702 GC heap before
{Heap before GC invocations=63 (full 0):
 garbage-first heap   total 316416K, used 243113K [0x0000000080000000, 0x0000000100000000)
  region size 1024K, 62 young (63488K), 4 survivors (4096K)
 Metaspace       used 148695K, committed 149760K, reserved 1179648K
  class space    used 20009K, committed 20544K, reserved 1048576K
}
Event: 345.711 GC heap after
{Heap after GC invocations=64 (full 0):
 garbage-first heap   total 316416K, used 185449K [0x0000000080000000, 0x0000000100000000)
  region size 1024K, 7 young (7168K), 7 survivors (7168K)
 Metaspace       used 148695K, committed 149760K, reserved 1179648K
  class space    used 20009K, committed 20544K, reserved 1048576K
}
Event: 345.851 GC heap before
{Heap before GC invocations=64 (full 0):
 garbage-first heap   total 316416K, used 192617K [0x0000000080000000, 0x0000000100000000)
  region size 1024K, 15 young (15360K), 7 survivors (7168K)
 Metaspace       used 149618K, committed 150656K, reserved 1179648K
  class space    used 20111K, committed 20608K, reserved 1048576K
}
Event: 345.860 GC heap after
{Heap after GC invocations=65 (full 0):
 garbage-first heap   total 316416K, used 184207K [0x0000000080000000, 0x0000000100000000)
  region size 1024K, 2 young (2048K), 2 survivors (2048K)
 Metaspace       used 149618K, committed 150656K, reserved 1179648K
  class space    used 20111K, committed 20608K, reserved 1048576K
}
Event: 347.648 GC heap before
{Heap before GC invocations=65 (full 0):
 garbage-first heap   total 316416K, used 259983K [0x0000000080000000, 0x0000000100000000)
  region size 1024K, 76 young (77824K), 2 survivors (2048K)
 Metaspace       used 153462K, committed 154496K, reserved 1245184K
  class space    used 20503K, committed 20992K, reserved 1048576K
}

